<?xml version="1.0" encoding="UTF-8"?>
<testsuite xmlns:xsi="http://www.w3.org/2001/XMLSchema-instance" xsi:noNamespaceSchemaLocation="https://maven.apache.org/surefire/maven-surefire-plugin/xsd/surefire-test-report.xsd" name="org.sonar.plugins.xml.XmlPluginTest" time="0.012" tests="2" errors="0" skipped="0" failures="0">
  <properties>
    <property name="sun.desktop" value="windows"/>
    <property name="awt.toolkit" value="sun.awt.windows.WToolkit"/>
    <property name="file.encoding.pkg" value="sun.io"/>
    <property name="java.specification.version" value="1.8"/>
    <property name="sun.cpu.isalist" value="amd64"/>
    <property name="sun.jnu.encoding" value="Cp1252"/>
    <property name="java.class.path" value="C:\Users\Ramesh.Rangaswamy\Desktop\sonar-xml\sonar-xml-plugin\target\test-classes;C:\Users\Ramesh.Rangaswamy\Desktop\sonar-xml\sonar-xml-plugin\target\classes;C:\Users\Ramesh.Rangaswamy\.m2\repository\org\sonarsource\analyzer-commons\sonar-analyzer-commons\1.10.2.456\sonar-analyzer-commons-1.10.2.456.jar;C:\Users\Ramesh.Rangaswamy\.m2\repository\xalan\xalan\2.7.2\xalan-2.7.2.jar;C:\Users\Ramesh.Rangaswamy\.m2\repository\xalan\serializer\2.7.2\serializer-2.7.2.jar;C:\Users\Ramesh.Rangaswamy\.m2\repository\org\sonarsource\sonarqube\sonar-plugin-api\7.4\sonar-plugin-api-7.4.jar;C:\Users\Ramesh.Rangaswamy\.m2\repository\com\google\code\findbugs\jsr305\3.0.2\jsr305-3.0.2.jar;C:\Users\Ramesh.Rangaswamy\.m2\repository\org\sonarsource\analyzer-commons\sonar-xml-parsing\1.10.2.456\sonar-xml-parsing-1.10.2.456.jar;C:\Users\Ramesh.Rangaswamy\.m2\repository\xerces\xercesImpl\2.12.0\xercesImpl-2.12.0.jar;C:\Users\Ramesh.Rangaswamy\.m2\repository\xml-apis\xml-apis\1.4.01\xml-apis-1.4.01.jar;C:\Users\Ramesh.Rangaswamy\.m2\repository\com\fasterxml\woodstox\woodstox-core\5.2.0\woodstox-core-5.2.0.jar;C:\Users\Ramesh.Rangaswamy\.m2\repository\org\codehaus\woodstox\stax2-api\4.1\stax2-api-4.1.jar;C:\Users\Ramesh.Rangaswamy\.m2\repository\org\assertj\assertj-core\3.8.0\assertj-core-3.8.0.jar;C:\Users\Ramesh.Rangaswamy\.m2\repository\commons-io\commons-io\2.5\commons-io-2.5.jar;C:\Users\Ramesh.Rangaswamy\.m2\repository\junit\junit\4.10\junit-4.10.jar;C:\Users\Ramesh.Rangaswamy\.m2\repository\org\hamcrest\hamcrest-core\1.1\hamcrest-core-1.1.jar;C:\Users\Ramesh.Rangaswamy\.m2\repository\org\mockito\mockito-core\2.21.0\mockito-core-2.21.0.jar;C:\Users\Ramesh.Rangaswamy\.m2\repository\net\bytebuddy\byte-buddy\1.8.15\byte-buddy-1.8.15.jar;C:\Users\Ramesh.Rangaswamy\.m2\repository\net\bytebuddy\byte-buddy-agent\1.8.15\byte-buddy-agent-1.8.15.jar;C:\Users\Ramesh.Rangaswamy\.m2\repository\org\objenesis\objenesis\2.6\objenesis-2.6.jar;C:\Users\Ramesh.Rangaswamy\.m2\repository\org\sonarsource\analyzer-commons\sonar-analyzer-test-commons\1.10.2.456\sonar-analyzer-test-commons-1.10.2.456.jar;"/>
    <property name="java.vm.vendor" value="Oracle Corporation"/>
    <property name="sun.arch.data.model" value="64"/>
    <property name="user.variant" value=""/>
    <property name="java.vendor.url" value="http://java.oracle.com/"/>
    <property name="user.timezone" value="Asia/Calcutta"/>
    <property name="java.vm.specification.version" value="1.8"/>
    <property name="os.name" value="Windows 10"/>
    <property name="user.country" value="IN"/>
    <property name="sun.java.launcher" value="SUN_STANDARD"/>
    <property name="sun.boot.library.path" value="C:\Program Files\Java\jdk1.8.0_211\jre\bin"/>
    <property name="sun.java.command" value="C:\Users\RAMESH~1.RAN\AppData\Local\Temp\surefire1091491000617310579\surefirebooter6908552768689495754.jar C:\Users\Ramesh.Rangaswamy\AppData\Local\Temp\surefire1091491000617310579 2019-07-08T15-50-39_304-jvmRun1 surefire4378294132046726400tmp surefire_09185153598850453406tmp"/>
    <property name="surefire.test.class.path" value="C:\Users\Ramesh.Rangaswamy\Desktop\sonar-xml\sonar-xml-plugin\target\test-classes;C:\Users\Ramesh.Rangaswamy\Desktop\sonar-xml\sonar-xml-plugin\target\classes;C:\Users\Ramesh.Rangaswamy\.m2\repository\org\sonarsource\analyzer-commons\sonar-analyzer-commons\1.10.2.456\sonar-analyzer-commons-1.10.2.456.jar;C:\Users\Ramesh.Rangaswamy\.m2\repository\xalan\xalan\2.7.2\xalan-2.7.2.jar;C:\Users\Ramesh.Rangaswamy\.m2\repository\xalan\serializer\2.7.2\serializer-2.7.2.jar;C:\Users\Ramesh.Rangaswamy\.m2\repository\org\sonarsource\sonarqube\sonar-plugin-api\7.4\sonar-plugin-api-7.4.jar;C:\Users\Ramesh.Rangaswamy\.m2\repository\com\google\code\findbugs\jsr305\3.0.2\jsr305-3.0.2.jar;C:\Users\Ramesh.Rangaswamy\.m2\repository\org\sonarsource\analyzer-commons\sonar-xml-parsing\1.10.2.456\sonar-xml-parsing-1.10.2.456.jar;C:\Users\Ramesh.Rangaswamy\.m2\repository\xerces\xercesImpl\2.12.0\xercesImpl-2.12.0.jar;C:\Users\Ramesh.Rangaswamy\.m2\repository\xml-apis\xml-apis\1.4.01\xml-apis-1.4.01.jar;C:\Users\Ramesh.Rangaswamy\.m2\repository\com\fasterxml\woodstox\woodstox-core\5.2.0\woodstox-core-5.2.0.jar;C:\Users\Ramesh.Rangaswamy\.m2\repository\org\codehaus\woodstox\stax2-api\4.1\stax2-api-4.1.jar;C:\Users\Ramesh.Rangaswamy\.m2\repository\org\assertj\assertj-core\3.8.0\assertj-core-3.8.0.jar;C:\Users\Ramesh.Rangaswamy\.m2\repository\commons-io\commons-io\2.5\commons-io-2.5.jar;C:\Users\Ramesh.Rangaswamy\.m2\repository\junit\junit\4.10\junit-4.10.jar;C:\Users\Ramesh.Rangaswamy\.m2\repository\org\hamcrest\hamcrest-core\1.1\hamcrest-core-1.1.jar;C:\Users\Ramesh.Rangaswamy\.m2\repository\org\mockito\mockito-core\2.21.0\mockito-core-2.21.0.jar;C:\Users\Ramesh.Rangaswamy\.m2\repository\net\bytebuddy\byte-buddy\1.8.15\byte-buddy-1.8.15.jar;C:\Users\Ramesh.Rangaswamy\.m2\repository\net\bytebuddy\byte-buddy-agent\1.8.15\byte-buddy-agent-1.8.15.jar;C:\Users\Ramesh.Rangaswamy\.m2\repository\org\objenesis\objenesis\2.6\objenesis-2.6.jar;C:\Users\Ramesh.Rangaswamy\.m2\repository\org\sonarsource\analyzer-commons\sonar-analyzer-test-commons\1.10.2.456\sonar-analyzer-test-commons-1.10.2.456.jar;"/>
    <property name="sun.cpu.endian" value="little"/>
    <property name="user.home" value="C:\Users\Ramesh.Rangaswamy"/>
    <property name="user.language" value="en"/>
    <property name="java.specification.vendor" value="Oracle Corporation"/>
    <property name="java.home" value="C:\Program Files\Java\jdk1.8.0_211\jre"/>
    <property name="basedir" value="C:\Users\Ramesh.Rangaswamy\Desktop\sonar-xml\sonar-xml-plugin"/>
    <property name="file.separator" value="\"/>
    <property name="line.separator" value="&#10;"/>
    <property name="java.vm.specification.vendor" value="Oracle Corporation"/>
    <property name="java.specification.name" value="Java Platform API Specification"/>
    <property name="java.awt.graphicsenv" value="sun.awt.Win32GraphicsEnvironment"/>
    <property name="surefire.real.class.path" value="C:\Users\RAMESH~1.RAN\AppData\Local\Temp\surefire1091491000617310579\surefirebooter6908552768689495754.jar"/>
    <property name="sun.boot.class.path" value="C:\Program Files\Java\jdk1.8.0_211\jre\lib\resources.jar;C:\Program Files\Java\jdk1.8.0_211\jre\lib\rt.jar;C:\Program Files\Java\jdk1.8.0_211\jre\lib\sunrsasign.jar;C:\Program Files\Java\jdk1.8.0_211\jre\lib\jsse.jar;C:\Program Files\Java\jdk1.8.0_211\jre\lib\jce.jar;C:\Program Files\Java\jdk1.8.0_211\jre\lib\charsets.jar;C:\Program Files\Java\jdk1.8.0_211\jre\lib\jfr.jar;C:\Program Files\Java\jdk1.8.0_211\jre\classes"/>
    <property name="user.script" value=""/>
    <property name="sun.management.compiler" value="HotSpot 64-Bit Tiered Compilers"/>
    <property name="java.runtime.version" value="1.8.0_211-b12"/>
    <property name="user.name" value="Ramesh.Rangaswamy"/>
    <property name="path.separator" value=";"/>
    <property name="os.version" value="10.0"/>
    <property name="java.endorsed.dirs" value="C:\Program Files\Java\jdk1.8.0_211\jre\lib\endorsed"/>
    <property name="java.runtime.name" value="Java(TM) SE Runtime Environment"/>
    <property name="file.encoding" value="Cp1252"/>
    <property name="java.vm.name" value="Java HotSpot(TM) 64-Bit Server VM"/>
    <property name="localRepository" value="C:\Users\Ramesh.Rangaswamy\.m2\repository"/>
    <property name="java.vendor.url.bug" value="http://bugreport.sun.com/bugreport/"/>
    <property name="java.io.tmpdir" value="C:\Users\RAMESH~1.RAN\AppData\Local\Temp\"/>
    <property name="java.version" value="1.8.0_211"/>
    <property name="user.dir" value="C:\Users\Ramesh.Rangaswamy\Desktop\sonar-xml\sonar-xml-plugin"/>
    <property name="os.arch" value="amd64"/>
    <property name="java.vm.specification.name" value="Java Virtual Machine Specification"/>
    <property name="java.awt.printerjob" value="sun.awt.windows.WPrinterJob"/>
    <property name="sun.os.patch.level" value=""/>
    <property name="java.library.path" value="C:\Program Files\Java\jdk1.8.0_211\jre\bin;C:\Windows\Sun\Java\bin;C:\Windows\system32;C:\Windows;C:/Program Files/Java/jdk1.8.0_211/bin/../jre/bin/server;C:/Program Files/Java/jdk1.8.0_211/bin/../jre/bin;C:/Program Files/Java/jdk1.8.0_211/bin/../jre/lib/amd64;C:\Windows\system32;C:\Windows;C:\Windows\System32\Wbem;C:\Windows\System32\WindowsPowerShell\v1.0\;C:\Windows\System32\OpenSSH\;C:\Program Files\Intel\WiFi\bin\;C:\Program Files\Common Files\Intel\WirelessCommon\;C:\Program Files (x86)\Common Files\Hitachi ID\;C:\Program Files\Common Files\Hitachi ID\;C:\Users\Ramesh.Rangaswamy\Downloads\sonarqube-7.6\sonarqube-7.6\bin\;C:\Program Files\Java\jdk1.8.0_211\bin\;C:\Users\Ramesh.Rangaswamy\Downloads\apache-maven-3.6.1-bin\apache-maven-3.6.1\bin\;C:\Users\Ramesh.Rangaswamy\Downloads\sonar-scanner-cli-4.0.0.1744-windows\sonar-scanner-4.0.0.1744-windows\bin\;C:\Program Files\Java\jre1.8.0_211\bin\;C:\Users\Ramesh.Rangaswamy\AppData\Local\Microsoft\WindowsApps;C:\Users\Ramesh.Rangaswamy\AppData\Local\Programs\Git\cmd;C:\Users\Ramesh.Rangaswamy\Downloads\eclipse-dsl-2019-06-R-win32-x86_64\eclipse;;."/>
    <property name="java.vm.info" value="mixed mode"/>
    <property name="java.vendor" value="Oracle Corporation"/>
    <property name="java.vm.version" value="25.211-b12"/>
    <property name="java.ext.dirs" value="C:\Program Files\Java\jdk1.8.0_211\jre\lib\ext;C:\Windows\Sun\Java\lib\ext"/>
    <property name="sun.io.unicode.encoding" value="UnicodeLittle"/>
    <property name="java.class.version" value="52.0"/>
  </properties>
  <testcase name="count_extensions_for_sonarqube_server_6_0" classname="org.sonar.plugins.xml.XmlPluginTest" time="0.008"/>
  <testcase name="count_extensions_for_sonarqube_server_6_2" classname="org.sonar.plugins.xml.XmlPluginTest" time="0"/>
</testsuite>